SF:C:\Users\slamr\documents\github\assignment-05-slamro\BlabberApp\BlabberApp.DataStore\Plugins\InMemory.cs
FN:17,System.Void BlabberApp.DataStore.Plugins.InMemory::Create(BlabberApp.Domain.Interfaces.IEntity)
FNDA:0,System.Void BlabberApp.DataStore.Plugins.InMemory::Create(BlabberApp.Domain.Interfaces.IEntity)
DA:18,0
DA:19,0
DA:20,0
FN:22,System.Collections.IEnumerable BlabberApp.DataStore.Plugins.InMemory::ReadAll()
FNDA:0,System.Collections.IEnumerable BlabberApp.DataStore.Plugins.InMemory::ReadAll()
DA:23,0
DA:24,0
DA:25,0
FN:27,BlabberApp.Domain.Interfaces.IEntity BlabberApp.DataStore.Plugins.InMemory::ReadById(System.Guid)
FNDA:0,BlabberApp.Domain.Interfaces.IEntity BlabberApp.DataStore.Plugins.InMemory::ReadById(System.Guid)
DA:28,0
DA:29,0
DA:30,0
DA:31,0
DA:32,0
DA:33,0
DA:34,0
BRDA:29,57,1,0
BRDA:31,44,0,0
BRDA:31,44,1,0
BRDA:29,57,0,0
FN:35,System.Collections.IEnumerable BlabberApp.DataStore.Plugins.InMemory::ReadByUserId(System.String)
FNDA:0,System.Collections.IEnumerable BlabberApp.DataStore.Plugins.InMemory::ReadByUserId(System.String)
DA:36,0
DA:37,0
FN:39,BlabberApp.Domain.Interfaces.IEntity BlabberApp.DataStore.Plugins.InMemory::ReadByUserEmail(System.String)
FNDA:0,BlabberApp.Domain.Interfaces.IEntity BlabberApp.DataStore.Plugins.InMemory::ReadByUserEmail(System.String)
DA:40,0
DA:41,0
DA:42,0
DA:43,0
DA:44,0
DA:45,0
DA:47,0
DA:48,0
DA:49,0
BRDA:41,57,1,0
BRDA:43,43,0,0
BRDA:43,43,1,0
BRDA:41,57,0,0
FN:51,BlabberApp.Domain.Interfaces.IEntity BlabberApp.DataStore.Plugins.InMemory::ReadByUserIdMessage(BlabberApp.Domain.Interfaces.IEntity)
FNDA:0,BlabberApp.Domain.Interfaces.IEntity BlabberApp.DataStore.Plugins.InMemory::ReadByUserIdMessage(BlabberApp.Domain.Interfaces.IEntity)
DA:52,0
DA:53,0
DA:54,0
DA:55,0
DA:56,0
DA:57,0
DA:59,0
DA:60,0
DA:61,0
BRDA:53,66,1,0
BRDA:55,51,0,0
BRDA:55,51,1,0
BRDA:53,66,0,0
FN:63,System.Void BlabberApp.DataStore.Plugins.InMemory::Update(BlabberApp.Domain.Interfaces.IEntity)
FNDA:0,System.Void BlabberApp.DataStore.Plugins.InMemory::Update(BlabberApp.Domain.Interfaces.IEntity)
DA:64,0
DA:65,0
DA:66,0
DA:67,0
FN:69,System.Void BlabberApp.DataStore.Plugins.InMemory::Delete(BlabberApp.Domain.Interfaces.IEntity)
FNDA:0,System.Void BlabberApp.DataStore.Plugins.InMemory::Delete(BlabberApp.Domain.Interfaces.IEntity)
DA:70,0
DA:71,0
DA:72,0
FN:73,System.Void BlabberApp.DataStore.Plugins.InMemory::DeleteAll()
FNDA:0,System.Void BlabberApp.DataStore.Plugins.InMemory::DeleteAll()
DA:74,0
DA:75,0
DA:76,0
FN:11,System.Void BlabberApp.DataStore.Plugins.InMemory::.ctor()
FNDA:1,System.Void BlabberApp.DataStore.Plugins.InMemory::.ctor()
DA:12,1
DA:13,1
DA:14,1
DA:15,1
LF:47
LH:4
BRF:12
BRH:0
FNF:10
FNH:1
end_of_record
SF:C:\Users\slamr\documents\github\assignment-05-slamro\BlabberApp\BlabberApp.DataStore\Plugins\MySqlBlab.cs
FN:26,System.Void BlabberApp.DataStore.Plugins.MySqlBlab::Close()
FNDA:0,System.Void BlabberApp.DataStore.Plugins.MySqlBlab::Close()
DA:27,0
DA:28,0
DA:29,0
FN:30,System.Void BlabberApp.DataStore.Plugins.MySqlBlab::Create(BlabberApp.Domain.Interfaces.IEntity)
FNDA:4,System.Void BlabberApp.DataStore.Plugins.MySqlBlab::Create(BlabberApp.Domain.Interfaces.IEntity)
DA:31,4
DA:32,4
DA:34,4
DA:35,4
DA:36,4
DA:37,4
DA:38,4
DA:39,4
DA:40,4
DA:41,4
DA:42,4
DA:43,4
DA:44,0
DA:45,0
DA:46,0
DA:48,4
FN:50,System.Collections.IEnumerable BlabberApp.DataStore.Plugins.MySqlBlab::ReadAll()
FNDA:1,System.Collections.IEnumerable BlabberApp.DataStore.Plugins.MySqlBlab::ReadAll()
DA:51,1
DA:53,1
DA:55,1
DA:56,1
DA:57,1
DA:58,1
DA:60,1
DA:62,1
DA:64,5
DA:65,1
DA:66,1
DA:67,1
DA:69,1
DA:71,0
DA:72,0
DA:73,0
DA:75,1
BRDA:64,120,1,1
BRDA:64,120,0,1
FN:77,BlabberApp.Domain.Interfaces.IEntity BlabberApp.DataStore.Plugins.MySqlBlab::ReadById(System.Guid)
FNDA:2,BlabberApp.Domain.Interfaces.IEntity BlabberApp.DataStore.Plugins.MySqlBlab::ReadById(System.Guid)
DA:78,2
DA:80,2
DA:81,2
DA:82,2
DA:83,2
DA:84,2
DA:86,2
DA:88,2
DA:89,1
DA:91,1
DA:93,1
DA:95,1
DA:96,1
DA:97,1
DA:99,1
FN:101,System.Collections.IEnumerable BlabberApp.DataStore.Plugins.MySqlBlab::ReadByUserId(System.String)
FNDA:1,System.Collections.IEnumerable BlabberApp.DataStore.Plugins.MySqlBlab::ReadByUserId(System.String)
DA:102,1
DA:104,1
DA:105,1
DA:106,1
DA:107,1
DA:108,1
DA:110,1
DA:112,1
DA:114,5
DA:115,1
DA:116,1
DA:117,1
DA:119,1
DA:121,0
DA:122,0
DA:123,0
DA:125,1
BRDA:114,131,1,1
BRDA:114,131,0,1
FN:127,BlabberApp.Domain.Interfaces.IEntity BlabberApp.DataStore.Plugins.MySqlBlab::ReadByUserIdMessage(BlabberApp.Domain.Interfaces.IEntity)
FNDA:2,BlabberApp.Domain.Interfaces.IEntity BlabberApp.DataStore.Plugins.MySqlBlab::ReadByUserIdMessage(BlabberApp.Domain.Interfaces.IEntity)
DA:128,2
DA:129,2
DA:131,2
DA:132,2
DA:133,2
DA:134,2
DA:135,2
DA:137,2
DA:140,2
DA:141,2
DA:150,0
DA:151,0
DA:152,0
DA:154,2
FN:156,System.Void BlabberApp.DataStore.Plugins.MySqlBlab::Update(BlabberApp.Domain.Interfaces.IEntity)
FNDA:1,System.Void BlabberApp.DataStore.Plugins.MySqlBlab::Update(BlabberApp.Domain.Interfaces.IEntity)
DA:157,1
DA:158,1
DA:160,1
DA:161,1
DA:162,1
DA:163,1
DA:164,1
DA:165,0
DA:166,0
DA:167,0
DA:169,1
FN:171,System.Void BlabberApp.DataStore.Plugins.MySqlBlab::Delete(BlabberApp.Domain.Interfaces.IEntity)
FNDA:1,System.Void BlabberApp.DataStore.Plugins.MySqlBlab::Delete(BlabberApp.Domain.Interfaces.IEntity)
DA:172,1
DA:173,1
DA:175,1
DA:176,1
DA:177,1
DA:178,1
DA:179,1
DA:180,0
DA:181,0
DA:182,0
DA:184,1
FN:185,System.Void BlabberApp.DataStore.Plugins.MySqlBlab::DeleteAll()
FNDA:10,System.Void BlabberApp.DataStore.Plugins.MySqlBlab::DeleteAll()
DA:186,10
DA:187,10
DA:188,10
DA:189,10
DA:190,10
FN:191,BlabberApp.Domain.Entities.Blab BlabberApp.DataStore.Plugins.MySqlBlab::DataRow2Blab(System.Data.DataRow)
FNDA:4,BlabberApp.Domain.Entities.Blab BlabberApp.DataStore.Plugins.MySqlBlab::DataRow2Blab(System.Data.DataRow)
DA:192,4
DA:193,4
DA:195,4
DA:197,4
DA:199,4
DA:200,4
DA:201,4
DA:203,4
DA:204,4
FN:13,System.Void BlabberApp.DataStore.Plugins.MySqlBlab::.ctor()
FNDA:5,System.Void BlabberApp.DataStore.Plugins.MySqlBlab::.ctor()
DA:14,5
DA:15,5
DA:16,5
DA:18,5
DA:19,5
DA:20,5
DA:21,0
DA:22,0
DA:23,0
DA:25,5
LF:128
LH:104
BRF:4
BRH:4
FNF:11
FNH:10
end_of_record
SF:C:\Users\slamr\documents\github\assignment-05-slamro\BlabberApp\BlabberApp.DataStore\Plugins\MySqlUser.cs
FN:26,System.Void BlabberApp.DataStore.Plugins.MySqlUser::Close()
FNDA:0,System.Void BlabberApp.DataStore.Plugins.MySqlUser::Close()
DA:27,0
DA:28,0
DA:29,0
FN:30,System.Void BlabberApp.DataStore.Plugins.MySqlUser::Create(BlabberApp.Domain.Interfaces.IEntity)
FNDA:5,System.Void BlabberApp.DataStore.Plugins.MySqlUser::Create(BlabberApp.Domain.Interfaces.IEntity)
DA:31,5
DA:32,5
DA:34,5
DA:35,5
DA:36,5
DA:37,5
DA:38,5
DA:39,5
DA:40,5
DA:41,5
DA:42,5
DA:43,5
DA:44,0
DA:45,0
DA:46,0
DA:48,5
FN:50,System.Collections.IEnumerable BlabberApp.DataStore.Plugins.MySqlUser::ReadAll()
FNDA:1,System.Collections.IEnumerable BlabberApp.DataStore.Plugins.MySqlUser::ReadAll()
DA:51,1
DA:53,1
DA:54,1
DA:55,1
DA:56,1
DA:57,1
DA:59,1
DA:61,1
DA:63,5
DA:64,1
DA:65,1
DA:66,1
DA:68,1
DA:70,0
DA:71,0
DA:72,0
DA:74,1
BRDA:63,120,1,1
BRDA:63,120,0,1
FN:76,BlabberApp.Domain.Interfaces.IEntity BlabberApp.DataStore.Plugins.MySqlUser::ReadById(System.Guid)
FNDA:4,BlabberApp.Domain.Interfaces.IEntity BlabberApp.DataStore.Plugins.MySqlUser::ReadById(System.Guid)
DA:77,4
DA:79,4
DA:80,4
DA:81,4
DA:82,4
DA:83,4
DA:85,4
DA:87,4
DA:89,3
DA:91,1
DA:92,1
DA:93,1
DA:95,3
FN:96,BlabberApp.Domain.Interfaces.IEntity BlabberApp.DataStore.Plugins.MySqlUser::ReadByUserEmail(System.String)
FNDA:7,BlabberApp.Domain.Interfaces.IEntity BlabberApp.DataStore.Plugins.MySqlUser::ReadByUserEmail(System.String)
DA:97,7
DA:99,7
DA:100,7
DA:101,7
DA:102,7
DA:103,7
DA:105,7
DA:107,7
DA:109,2
DA:111,5
DA:112,5
DA:113,5
DA:115,2
FN:117,System.Void BlabberApp.DataStore.Plugins.MySqlUser::Update(BlabberApp.Domain.Interfaces.IEntity)
FNDA:1,System.Void BlabberApp.DataStore.Plugins.MySqlUser::Update(BlabberApp.Domain.Interfaces.IEntity)
DA:118,1
DA:119,1
DA:121,1
DA:122,1
DA:123,1
DA:124,1
DA:125,1
DA:126,0
DA:127,0
DA:128,0
DA:131,1
FN:133,System.Void BlabberApp.DataStore.Plugins.MySqlUser::Delete(BlabberApp.Domain.Interfaces.IEntity)
FNDA:1,System.Void BlabberApp.DataStore.Plugins.MySqlUser::Delete(BlabberApp.Domain.Interfaces.IEntity)
DA:134,1
DA:135,1
DA:137,1
DA:138,1
DA:139,1
DA:140,1
DA:141,1
DA:142,0
DA:143,0
DA:144,0
DA:146,1
FN:148,System.Void BlabberApp.DataStore.Plugins.MySqlUser::DeleteAll()
FNDA:12,System.Void BlabberApp.DataStore.Plugins.MySqlUser::DeleteAll()
DA:149,12
DA:150,12
DA:151,12
DA:152,12
DA:153,12
FN:155,BlabberApp.Domain.Entities.User BlabberApp.DataStore.Plugins.MySqlUser::DataRow2User(System.Data.DataRow)
FNDA:6,BlabberApp.Domain.Entities.User BlabberApp.DataStore.Plugins.MySqlUser::DataRow2User(System.Data.DataRow)
DA:156,6
DA:157,6
DA:159,6
DA:160,6
DA:161,6
DA:162,6
DA:164,6
DA:165,6
FN:13,System.Void BlabberApp.DataStore.Plugins.MySqlUser::.ctor()
FNDA:7,System.Void BlabberApp.DataStore.Plugins.MySqlUser::.ctor()
DA:14,7
DA:15,7
DA:16,7
DA:18,7
DA:19,7
DA:20,7
DA:21,0
DA:22,0
DA:23,0
DA:25,7
LF:107
LH:89
BRF:2
BRH:2
FNF:10
FNH:9
end_of_record
SF:C:\Users\slamr\documents\github\assignment-05-slamro\BlabberApp\BlabberApp.DataStore\Exceptions\BlabAdapterExceptions.cs
FN:6,System.Void BlabberApp.DataStore.Exceptions.BlabAdapterException::.ctor(System.String)
FNDA:0,System.Void BlabberApp.DataStore.Exceptions.BlabAdapterException::.ctor(System.String)
DA:7,0
DA:8,0
DA:9,0
FN:9,System.Void BlabberApp.DataStore.Exceptions.BlabAdapterException::.ctor(System.String,System.Exception)
FNDA:0,System.Void BlabberApp.DataStore.Exceptions.BlabAdapterException::.ctor(System.String,System.Exception)
DA:10,0
DA:11,0
DA:12,0
FN:15,System.Void BlabberApp.DataStore.Exceptions.BlabAdapterNotFoundException::.ctor(System.String)
FNDA:1,System.Void BlabberApp.DataStore.Exceptions.BlabAdapterNotFoundException::.ctor(System.String)
DA:16,1
DA:17,1
DA:18,1
FN:18,System.Void BlabberApp.DataStore.Exceptions.BlabAdapterNotFoundException::.ctor(System.String,System.Exception)
FNDA:0,System.Void BlabberApp.DataStore.Exceptions.BlabAdapterNotFoundException::.ctor(System.String,System.Exception)
DA:19,0
DA:20,0
DA:21,0
LF:12
LH:3
BRF:0
BRH:0
FNF:4
FNH:1
end_of_record
SF:C:\Users\slamr\documents\github\assignment-05-slamro\BlabberApp\BlabberApp.DataStore\Exceptions\UserAdapterExceptions.cs
FN:6,System.Void BlabberApp.DataStore.Exceptions.UserAdapterException::.ctor(System.String)
FNDA:0,System.Void BlabberApp.DataStore.Exceptions.UserAdapterException::.ctor(System.String)
DA:7,0
DA:8,0
DA:9,0
FN:12,System.Void BlabberApp.DataStore.Exceptions.UserAdapterNotFoundException::.ctor(System.String)
FNDA:6,System.Void BlabberApp.DataStore.Exceptions.UserAdapterNotFoundException::.ctor(System.String)
DA:13,6
DA:14,6
DA:15,6
FN:18,System.Void BlabberApp.DataStore.Exceptions.UserAdapterDuplicateException::.ctor(System.String)
FNDA:1,System.Void BlabberApp.DataStore.Exceptions.UserAdapterDuplicateException::.ctor(System.String)
DA:19,1
DA:20,1
DA:21,1
LF:9
LH:6
BRF:0
BRH:0
FNF:3
FNH:2
end_of_record
SF:C:\Users\slamr\documents\github\assignment-05-slamro\BlabberApp\BlabberApp.DataStore\Adapters\BlabAdapter.cs
FN:18,System.Void BlabberApp.DataStore.Adapters.BlabAdapter::Add(BlabberApp.Domain.Entities.Blab)
FNDA:4,System.Void BlabberApp.DataStore.Adapters.BlabAdapter::Add(BlabberApp.Domain.Entities.Blab)
DA:19,4
DA:21,4
DA:22,4
DA:23,4
DA:25,0
DA:26,0
DA:27,0
DA:29,4
FN:31,System.Void BlabberApp.DataStore.Adapters.BlabAdapter::Remove(BlabberApp.Domain.Entities.Blab)
FNDA:1,System.Void BlabberApp.DataStore.Adapters.BlabAdapter::Remove(BlabberApp.Domain.Entities.Blab)
DA:32,1
DA:34,1
DA:35,1
DA:36,1
DA:37,0
DA:38,0
DA:39,0
DA:41,1
FN:42,System.Void BlabberApp.DataStore.Adapters.BlabAdapter::RemoveAll()
FNDA:10,System.Void BlabberApp.DataStore.Adapters.BlabAdapter::RemoveAll()
DA:43,10
DA:44,10
DA:45,10
FN:47,System.Void BlabberApp.DataStore.Adapters.BlabAdapter::Update(BlabberApp.Domain.Entities.Blab)
FNDA:1,System.Void BlabberApp.DataStore.Adapters.BlabAdapter::Update(BlabberApp.Domain.Entities.Blab)
DA:48,1
DA:50,1
DA:51,1
DA:52,1
DA:54,0
DA:55,0
DA:56,0
DA:58,1
FN:60,System.Collections.IEnumerable BlabberApp.DataStore.Adapters.BlabAdapter::GetAll()
FNDA:1,System.Collections.IEnumerable BlabberApp.DataStore.Adapters.BlabAdapter::GetAll()
DA:61,1
DA:63,1
DA:64,1
DA:66,0
DA:67,0
DA:68,0
DA:70,1
FN:72,BlabberApp.Domain.Entities.Blab BlabberApp.DataStore.Adapters.BlabAdapter::GetById(System.Guid)
FNDA:2,BlabberApp.Domain.Entities.Blab BlabberApp.DataStore.Adapters.BlabAdapter::GetById(System.Guid)
DA:73,2
DA:75,2
DA:76,2
DA:77,1
DA:79,1
DA:80,1
DA:81,1
DA:83,1
FN:84,System.Collections.IEnumerable BlabberApp.DataStore.Adapters.BlabAdapter::GetByUserId(System.String)
FNDA:1,System.Collections.IEnumerable BlabberApp.DataStore.Adapters.BlabAdapter::GetByUserId(System.String)
DA:85,1
DA:87,1
DA:88,1
DA:90,0
DA:91,0
DA:92,0
DA:94,1
FN:95,BlabberApp.Domain.Entities.Blab BlabberApp.DataStore.Adapters.BlabAdapter::GetByUserMessage(BlabberApp.Domain.Entities.Blab)
FNDA:2,BlabberApp.Domain.Entities.Blab BlabberApp.DataStore.Adapters.BlabAdapter::GetByUserMessage(BlabberApp.Domain.Entities.Blab)
DA:96,2
DA:98,2
DA:99,2
DA:100,2
DA:102,0
DA:103,0
DA:104,0
DA:106,2
FN:12,System.Void BlabberApp.DataStore.Adapters.BlabAdapter::.ctor(BlabberApp.DataStore.Interfaces.IBlabPlugin)
FNDA:5,System.Void BlabberApp.DataStore.Adapters.BlabAdapter::.ctor(BlabberApp.DataStore.Interfaces.IBlabPlugin)
DA:13,5
DA:14,5
DA:15,5
DA:16,5
LF:61
LH:43
BRF:0
BRH:0
FNF:9
FNH:9
end_of_record
SF:C:\Users\slamr\documents\github\assignment-05-slamro\BlabberApp\BlabberApp.DataStore\Adapters\UserAdapter.cs
FN:18,System.Void BlabberApp.DataStore.Adapters.UserAdapter::Add(BlabberApp.Domain.Entities.User)
FNDA:6,System.Void BlabberApp.DataStore.Adapters.UserAdapter::Add(BlabberApp.Domain.Entities.User)
DA:19,6
DA:21,6
DA:22,6
DA:23,1
DA:24,5
DA:25,5
DA:27,5
DA:28,5
DA:29,5
DA:31,0
DA:32,0
DA:33,0
DA:36,1
DA:37,5
FN:39,System.Void BlabberApp.DataStore.Adapters.UserAdapter::Remove(BlabberApp.Domain.Entities.User)
FNDA:1,System.Void BlabberApp.DataStore.Adapters.UserAdapter::Remove(BlabberApp.Domain.Entities.User)
DA:40,1
DA:42,1
DA:43,1
DA:44,1
DA:45,0
DA:46,0
DA:47,0
DA:49,1
FN:50,System.Void BlabberApp.DataStore.Adapters.UserAdapter::RemoveAll()
FNDA:12,System.Void BlabberApp.DataStore.Adapters.UserAdapter::RemoveAll()
DA:51,12
DA:52,12
DA:53,12
FN:55,System.Void BlabberApp.DataStore.Adapters.UserAdapter::Update(BlabberApp.Domain.Entities.User)
FNDA:1,System.Void BlabberApp.DataStore.Adapters.UserAdapter::Update(BlabberApp.Domain.Entities.User)
DA:56,1
DA:58,1
DA:59,1
DA:60,1
DA:62,0
DA:63,0
DA:64,0
DA:66,1
FN:68,System.Collections.IEnumerable BlabberApp.DataStore.Adapters.UserAdapter::GetAll()
FNDA:1,System.Collections.IEnumerable BlabberApp.DataStore.Adapters.UserAdapter::GetAll()
DA:69,1
DA:71,1
DA:72,1
DA:74,0
DA:75,0
DA:76,0
DA:78,1
FN:80,BlabberApp.Domain.Entities.User BlabberApp.DataStore.Adapters.UserAdapter::GetById(System.Guid)
FNDA:4,BlabberApp.Domain.Entities.User BlabberApp.DataStore.Adapters.UserAdapter::GetById(System.Guid)
DA:81,4
DA:83,4
DA:84,4
DA:85,3
DA:87,1
DA:88,1
DA:89,1
DA:91,3
FN:93,BlabberApp.Domain.Entities.User BlabberApp.DataStore.Adapters.UserAdapter::GetByEmail(System.String)
FNDA:7,BlabberApp.Domain.Entities.User BlabberApp.DataStore.Adapters.UserAdapter::GetByEmail(System.String)
DA:94,7
DA:96,7
DA:97,7
DA:98,2
DA:100,5
DA:101,5
DA:102,5
DA:104,2
FN:12,System.Void BlabberApp.DataStore.Adapters.UserAdapter::.ctor(BlabberApp.DataStore.Interfaces.IUserPlugin)
FNDA:8,System.Void BlabberApp.DataStore.Adapters.UserAdapter::.ctor(BlabberApp.DataStore.Interfaces.IUserPlugin)
DA:13,8
DA:14,8
DA:15,8
DA:16,8
LF:60
LH:48
BRF:0
BRH:0
FNF:8
FNH:8
end_of_record
SF:C:\Users\slamr\documents\github\assignment-05-slamro\BlabberApp\BlabberApp.Domain\Entities\Blab.cs
FN:35,System.Guid BlabberApp.Domain.Entities.Blab::get_Id()
FNDA:25,System.Guid BlabberApp.Domain.Entities.Blab::get_Id()
DA:36,25
FN:36,System.DateTime BlabberApp.Domain.Entities.Blab::get_DTTM()
FNDA:15,System.DateTime BlabberApp.Domain.Entities.Blab::get_DTTM()
DA:37,15
FN:37,System.String BlabberApp.Domain.Entities.Blab::get_Message()
FNDA:24,System.String BlabberApp.Domain.Entities.Blab::get_Message()
DA:38,24
FN:38,BlabberApp.Domain.Entities.User BlabberApp.Domain.Entities.Blab::get_User()
FNDA:16,BlabberApp.Domain.Entities.User BlabberApp.Domain.Entities.Blab::get_User()
DA:39,16
FN:40,System.Boolean BlabberApp.Domain.Entities.Blab::IsValid()
FNDA:0,System.Boolean BlabberApp.Domain.Entities.Blab::IsValid()
DA:41,0
DA:42,0
DA:43,0
DA:44,0
DA:45,0
DA:46,0
DA:47,0
BRDA:42,19,0,0
BRDA:42,19,1,0
BRDA:43,38,0,0
BRDA:43,38,1,0
BRDA:44,56,0,0
BRDA:44,56,1,0
BRDA:45,75,0,0
BRDA:45,75,1,0
FN:7,System.Void BlabberApp.Domain.Entities.Blab::.ctor()
FNDA:1,System.Void BlabberApp.Domain.Entities.Blab::.ctor()
DA:8,1
DA:9,1
DA:10,1
DA:11,1
DA:12,1
DA:13,1
DA:14,1
FN:14,System.Void BlabberApp.Domain.Entities.Blab::.ctor(System.String)
FNDA:1,System.Void BlabberApp.Domain.Entities.Blab::.ctor(System.String)
DA:15,1
DA:16,1
DA:17,1
DA:18,1
DA:19,1
DA:20,1
DA:21,1
FN:21,System.Void BlabberApp.Domain.Entities.Blab::.ctor(BlabberApp.Domain.Entities.User)
FNDA:4,System.Void BlabberApp.Domain.Entities.Blab::.ctor(BlabberApp.Domain.Entities.User)
DA:22,4
DA:23,4
DA:24,4
DA:25,4
DA:26,4
DA:27,4
DA:28,4
FN:28,System.Void BlabberApp.Domain.Entities.Blab::.ctor(System.String,BlabberApp.Domain.Entities.User)
FNDA:3,System.Void BlabberApp.Domain.Entities.Blab::.ctor(System.String,BlabberApp.Domain.Entities.User)
DA:29,3
DA:30,3
DA:31,3
DA:32,3
DA:33,3
DA:34,3
DA:35,3
LF:39
LH:32
BRF:8
BRH:0
FNF:9
FNH:8
end_of_record
SF:C:\Users\slamr\documents\github\assignment-05-slamro\BlabberApp\BlabberApp.Domain\Entities\User.cs
FN:7,System.Guid BlabberApp.Domain.Entities.User::get_Id()
FNDA:42,System.Guid BlabberApp.Domain.Entities.User::get_Id()
DA:8,42
FN:8,System.DateTime BlabberApp.Domain.Entities.User::get_RegisterDTTM()
FNDA:10,System.DateTime BlabberApp.Domain.Entities.User::get_RegisterDTTM()
DA:9,10
FN:9,System.DateTime BlabberApp.Domain.Entities.User::get_LastLoginDTTM()
FNDA:10,System.DateTime BlabberApp.Domain.Entities.User::get_LastLoginDTTM()
DA:10,10
FN:10,System.String BlabberApp.Domain.Entities.User::get_Email()
FNDA:43,System.String BlabberApp.Domain.Entities.User::get_Email()
DA:11,43
FN:25,System.Void BlabberApp.Domain.Entities.User::ChangeEmail(System.String)
FNDA:21,System.Void BlabberApp.Domain.Entities.User::ChangeEmail(System.String)
DA:26,21
DA:27,21
DA:28,0
DA:30,21
DA:31,21
DA:32,21
DA:33,0
DA:34,0
DA:35,0
DA:37,21
DA:38,21
BRDA:27,7,0,21
BRDA:27,7,1,0
BRDA:27,24,0,0
BRDA:27,24,1,21
FN:39,System.Boolean BlabberApp.Domain.Entities.User::IsValid()
FNDA:0,System.Boolean BlabberApp.Domain.Entities.User::IsValid()
DA:40,0
DA:41,0
DA:42,0
DA:43,0
DA:44,0
DA:45,0
DA:46,0
DA:47,0
BRDA:41,19,0,0
BRDA:41,19,1,0
BRDA:42,38,0,0
BRDA:42,38,1,0
BRDA:43,69,0,0
BRDA:43,69,1,0
BRDA:44,87,0,0
BRDA:44,87,1,0
BRDA:45,107,0,0
BRDA:45,107,1,0
FN:12,System.Void BlabberApp.Domain.Entities.User::.ctor()
FNDA:12,System.Void BlabberApp.Domain.Entities.User::.ctor()
DA:13,12
DA:14,12
DA:15,12
DA:16,12
FN:17,System.Void BlabberApp.Domain.Entities.User::.ctor(System.String)
FNDA:10,System.Void BlabberApp.Domain.Entities.User::.ctor(System.String)
DA:18,10
DA:19,10
DA:20,10
DA:21,10
DA:22,10
LF:32
LH:20
BRF:14
BRH:2
FNF:8
FNH:7
end_of_record