SF:C:\Users\slamr\documents\github\assignment-05-slamro\BlabberApp\BlabberApp.Domain\Entities\Blab.cs
FN:35,System.Guid BlabberApp.Domain.Entities.Blab::get_Id()
FNDA:19,System.Guid BlabberApp.Domain.Entities.Blab::get_Id()
DA:36,19
FN:36,System.DateTime BlabberApp.Domain.Entities.Blab::get_DTTM()
FNDA:16,System.DateTime BlabberApp.Domain.Entities.Blab::get_DTTM()
DA:37,16
FN:37,System.String BlabberApp.Domain.Entities.Blab::get_Message()
FNDA:20,System.String BlabberApp.Domain.Entities.Blab::get_Message()
DA:38,20
FN:38,BlabberApp.Domain.Entities.User BlabberApp.Domain.Entities.Blab::get_User()
FNDA:16,BlabberApp.Domain.Entities.User BlabberApp.Domain.Entities.Blab::get_User()
DA:39,16
FN:40,System.Boolean BlabberApp.Domain.Entities.Blab::IsValid()
FNDA:2,System.Boolean BlabberApp.Domain.Entities.Blab::IsValid()
DA:41,2
DA:42,0
DA:43,0
DA:44,4
DA:45,0
DA:46,0
DA:47,0
DA:48,0
BRDA:42,11,0,0
BRDA:42,11,1,2
BRDA:43,30,0,0
BRDA:43,30,1,2
BRDA:44,61,0,2
BRDA:44,61,1,0
BRDA:45,79,0,0
BRDA:45,79,1,0
BRDA:46,100,0,0
BRDA:46,100,1,0
FN:7,System.Void BlabberApp.Domain.Entities.Blab::.ctor()
FNDA:11,System.Void BlabberApp.Domain.Entities.Blab::.ctor()
DA:8,11
DA:9,11
DA:10,11
DA:11,11
DA:12,11
DA:13,11
DA:14,11
FN:14,System.Void BlabberApp.Domain.Entities.Blab::.ctor(System.String)
FNDA:1,System.Void BlabberApp.Domain.Entities.Blab::.ctor(System.String)
DA:15,1
DA:16,1
DA:17,1
DA:18,1
DA:19,1
DA:20,1
DA:21,1
FN:21,System.Void BlabberApp.Domain.Entities.Blab::.ctor(BlabberApp.Domain.Entities.User)
FNDA:1,System.Void BlabberApp.Domain.Entities.Blab::.ctor(BlabberApp.Domain.Entities.User)
DA:22,1
DA:23,1
DA:24,1
DA:25,1
DA:26,1
DA:27,1
DA:28,1
FN:28,System.Void BlabberApp.Domain.Entities.Blab::.ctor(System.String,BlabberApp.Domain.Entities.User)
FNDA:1,System.Void BlabberApp.Domain.Entities.Blab::.ctor(System.String,BlabberApp.Domain.Entities.User)
DA:29,1
DA:30,1
DA:31,1
DA:32,1
DA:33,1
DA:34,1
DA:35,1
LF:40
LH:34
BRF:10
BRH:3
FNF:9
FNH:9
end_of_record
SF:C:\Users\slamr\documents\github\assignment-05-slamro\BlabberApp\BlabberApp.Domain\Entities\User.cs
FN:7,System.Guid BlabberApp.Domain.Entities.User::get_Id()
FNDA:35,System.Guid BlabberApp.Domain.Entities.User::get_Id()
DA:8,35
FN:8,System.DateTime BlabberApp.Domain.Entities.User::get_RegisterDTTM()
FNDA:3,System.DateTime BlabberApp.Domain.Entities.User::get_RegisterDTTM()
DA:9,3
FN:9,System.DateTime BlabberApp.Domain.Entities.User::get_LastLoginDTTM()
FNDA:3,System.DateTime BlabberApp.Domain.Entities.User::get_LastLoginDTTM()
DA:10,3
FN:10,System.String BlabberApp.Domain.Entities.User::get_Email()
FNDA:8,System.String BlabberApp.Domain.Entities.User::get_Email()
DA:11,8
FN:25,System.Void BlabberApp.Domain.Entities.User::ChangeEmail(System.String)
FNDA:8,System.Void BlabberApp.Domain.Entities.User::ChangeEmail(System.String)
DA:26,8
DA:27,8
DA:28,2
DA:30,6
DA:31,6
DA:32,3
DA:33,3
DA:34,3
DA:35,3
DA:37,3
DA:38,3
BRDA:27,7,0,6
BRDA:27,7,1,2
BRDA:27,24,0,2
BRDA:27,24,1,6
FN:39,System.Boolean BlabberApp.Domain.Entities.User::IsValid()
FNDA:3,System.Boolean BlabberApp.Domain.Entities.User::IsValid()
DA:40,3
DA:41,0
DA:42,5
DA:43,0
DA:44,0
DA:45,0
DA:46,1
DA:47,1
BRDA:41,11,0,0
BRDA:41,11,1,3
BRDA:42,30,0,2
BRDA:42,30,1,1
BRDA:43,61,0,0
BRDA:43,61,1,1
BRDA:44,79,0,0
BRDA:44,79,1,1
BRDA:45,99,0,0
BRDA:45,99,1,1
FN:12,System.Void BlabberApp.Domain.Entities.User::.ctor()
FNDA:28,System.Void BlabberApp.Domain.Entities.User::.ctor()
DA:13,28
DA:14,28
DA:15,28
DA:16,28
FN:17,System.Void BlabberApp.Domain.Entities.User::.ctor(System.String)
FNDA:1,System.Void BlabberApp.Domain.Entities.User::.ctor(System.String)
DA:18,1
DA:19,1
DA:20,1
DA:21,1
DA:22,1
LF:32
LH:28
BRF:14
BRH:10
FNF:8
FNH:8
end_of_record