SF:C:\Users\slamr\documents\github\assignment-05-slamro\BlabberApp\BlabberApp.Domain\Entities\Blab.cs
FN:35,System.Guid BlabberApp.Domain.Entities.Blab::get_Id()
FNDA:24,System.Guid BlabberApp.Domain.Entities.Blab::get_Id()
DA:36,24
FN:36,System.DateTime BlabberApp.Domain.Entities.Blab::get_DTTM()
FNDA:21,System.DateTime BlabberApp.Domain.Entities.Blab::get_DTTM()
DA:37,21
FN:37,System.String BlabberApp.Domain.Entities.Blab::get_Message()
FNDA:23,System.String BlabberApp.Domain.Entities.Blab::get_Message()
DA:38,23
FN:38,BlabberApp.Domain.Entities.User BlabberApp.Domain.Entities.Blab::get_User()
FNDA:21,BlabberApp.Domain.Entities.User BlabberApp.Domain.Entities.Blab::get_User()
DA:39,21
FN:40,System.Boolean BlabberApp.Domain.Entities.Blab::IsValid()
FNDA:3,System.Boolean BlabberApp.Domain.Entities.Blab::IsValid()
DA:41,3
DA:42,4
DA:43,3
DA:44,0
DA:45,0
DA:46,1
DA:47,1
BRDA:42,19,0,1
BRDA:42,19,1,2
BRDA:43,38,0,1
BRDA:43,38,1,1
BRDA:44,56,0,0
BRDA:44,56,1,1
BRDA:45,75,0,0
BRDA:45,75,1,1
FN:7,System.Void BlabberApp.Domain.Entities.Blab::.ctor()
FNDA:14,System.Void BlabberApp.Domain.Entities.Blab::.ctor()
DA:8,14
DA:9,14
DA:10,14
DA:11,14
DA:12,14
DA:13,14
DA:14,14
FN:14,System.Void BlabberApp.Domain.Entities.Blab::.ctor(System.String)
FNDA:1,System.Void BlabberApp.Domain.Entities.Blab::.ctor(System.String)
DA:15,1
DA:16,1
DA:17,1
DA:18,1
DA:19,1
DA:20,1
DA:21,1
FN:21,System.Void BlabberApp.Domain.Entities.Blab::.ctor(BlabberApp.Domain.Entities.User)
FNDA:2,System.Void BlabberApp.Domain.Entities.Blab::.ctor(BlabberApp.Domain.Entities.User)
DA:22,2
DA:23,2
DA:24,2
DA:25,2
DA:26,2
DA:27,2
DA:28,2
FN:28,System.Void BlabberApp.Domain.Entities.Blab::.ctor(System.String,BlabberApp.Domain.Entities.User)
FNDA:1,System.Void BlabberApp.Domain.Entities.Blab::.ctor(System.String,BlabberApp.Domain.Entities.User)
DA:29,1
DA:30,1
DA:31,1
DA:32,1
DA:33,1
DA:34,1
DA:35,1
LF:39
LH:37
BRF:8
BRH:6
FNF:9
FNH:9
end_of_record
SF:C:\Users\slamr\documents\github\assignment-05-slamro\BlabberApp\BlabberApp.Domain\Entities\User.cs
FN:7,System.Guid BlabberApp.Domain.Entities.User::get_Id()
FNDA:38,System.Guid BlabberApp.Domain.Entities.User::get_Id()
DA:8,38
FN:8,System.DateTime BlabberApp.Domain.Entities.User::get_RegisterDTTM()
FNDA:3,System.DateTime BlabberApp.Domain.Entities.User::get_RegisterDTTM()
DA:9,3
FN:9,System.DateTime BlabberApp.Domain.Entities.User::get_LastLoginDTTM()
FNDA:3,System.DateTime BlabberApp.Domain.Entities.User::get_LastLoginDTTM()
DA:10,3
FN:10,System.String BlabberApp.Domain.Entities.User::get_Email()
FNDA:7,System.String BlabberApp.Domain.Entities.User::get_Email()
DA:11,7
FN:25,System.Void BlabberApp.Domain.Entities.User::ChangeEmail(System.String)
FNDA:8,System.Void BlabberApp.Domain.Entities.User::ChangeEmail(System.String)
DA:26,8
DA:27,8
DA:28,2
DA:30,6
DA:31,6
DA:32,3
DA:33,3
DA:34,3
DA:35,3
DA:37,3
DA:38,3
BRDA:27,7,0,6
BRDA:27,7,1,2
BRDA:27,24,0,2
BRDA:27,24,1,6
FN:39,System.Boolean BlabberApp.Domain.Entities.User::IsValid()
FNDA:3,System.Boolean BlabberApp.Domain.Entities.User::IsValid()
DA:40,3
DA:41,4
DA:42,3
DA:43,0
DA:44,0
DA:45,0
DA:46,1
DA:47,1
BRDA:41,19,0,1
BRDA:41,19,1,2
BRDA:42,38,0,1
BRDA:42,38,1,1
BRDA:43,69,0,0
BRDA:43,69,1,1
BRDA:44,87,0,0
BRDA:44,87,1,1
BRDA:45,107,0,0
BRDA:45,107,1,1
FN:12,System.Void BlabberApp.Domain.Entities.User::.ctor()
FNDA:31,System.Void BlabberApp.Domain.Entities.User::.ctor()
DA:13,31
DA:14,31
DA:15,31
DA:16,31
FN:17,System.Void BlabberApp.Domain.Entities.User::.ctor(System.String)
FNDA:1,System.Void BlabberApp.Domain.Entities.User::.ctor(System.String)
DA:18,1
DA:19,1
DA:20,1
DA:21,1
DA:22,1
LF:32
LH:29
BRF:14
BRH:11
FNF:8
FNH:8
end_of_record